<?xml version="1.0" encoding="UTF-8"?>
<testsuite xmlns:xsi="http://www.w3.org/2001/XMLSchema-instance" xsi:noNamespaceSchemaLocation="https://maven.apache.org/surefire/maven-surefire-plugin/xsd/surefire-test-report-3.0.xsd" version="3.0" name="apoyo.ClavesTest" time="0.058" tests="5" errors="0" skipped="0" failures="0">
  <properties>
[...]
</properties>
  <testcase name="codificacionDistingueMayusculas" classname="apoyo.ClavesTest" time="0.032"/>
  <testcase name="hashTiene64CaracteresHexadecimales" classname="apoyo.ClavesTest" time="0.003"/>
  <testcase name="mismaClaveProduceMismoHash" classname="apoyo.ClavesTest" time="0.001"/>
  <testcase name="clavesDistintasProducenHashesDistintos" classname="apoyo.ClavesTest" time="0.002"/>
  <testcase name="hashCoincideConElGeneradoPorMySql" classname="apoyo.ClavesTest" time="0.001"/>
</testsuite>